  ikcp.c
  CommunicationService.cpp
F:\Git\5_Visual Studio Code\PPS\PSS_ASIO-master\Common\define.h(210,1): warning C4005: “PSS_LOGGER_DEBUG”: 宏重定义
F:\Git\5_Visual Studio Code\PPS\PSS_ASIO-master\Common\consoleoutput.hpp(21): message : 参见“PSS_LOGGER_DEBUG”的前一个定义
  ConnectCounter.cpp
F:\Git\5_Visual Studio Code\PPS\PSS_ASIO-master\Common\define.h(210,1): warning C4005: “PSS_LOGGER_DEBUG”: 宏重定义
F:\Git\5_Visual Studio Code\PPS\PSS_ASIO-master\Common\consoleoutput.hpp(21): message : 参见“PSS_LOGGER_DEBUG”的前一个定义
  ServerConfig.cpp
F:\Git\5_Visual Studio Code\PPS\PSS_ASIO-master\Common\define.h(210,1): warning C4005: “PSS_LOGGER_DEBUG”: 宏重定义
F:\Git\5_Visual Studio Code\PPS\PSS_ASIO-master\Common\consoleoutput.hpp(21): message : 参见“PSS_LOGGER_DEBUG”的前一个定义
  ServerService.cpp
F:\Git\5_Visual Studio Code\PPS\PSS_ASIO-master\Common\define.h(210,1): warning C4005: “PSS_LOGGER_DEBUG”: 宏重定义
F:\Git\5_Visual Studio Code\PPS\PSS_ASIO-master\Common\consoleoutput.hpp(21): message : 参见“PSS_LOGGER_DEBUG”的前一个定义
  Iobridge.cpp
F:\Git\5_Visual Studio Code\PPS\PSS_ASIO-master\Common\define.h(210,1): warning C4005: “PSS_LOGGER_DEBUG”: 宏重定义
F:\Git\5_Visual Studio Code\PPS\PSS_ASIO-master\Common\consoleoutput.hpp(21): message : 参见“PSS_LOGGER_DEBUG”的前一个定义
  IotoIo.cpp
F:\Git\5_Visual Studio Code\PPS\PSS_ASIO-master\Common\define.h(210,1): warning C4005: “PSS_LOGGER_DEBUG”: 宏重定义
F:\Git\5_Visual Studio Code\PPS\PSS_ASIO-master\Common\consoleoutput.hpp(21): message : 参见“PSS_LOGGER_DEBUG”的前一个定义
  LoadModule.cpp
F:\Git\5_Visual Studio Code\PPS\PSS_ASIO-master\Common\define.h(210,1): warning C4005: “PSS_LOGGER_DEBUG”: 宏重定义
F:\Git\5_Visual Studio Code\PPS\PSS_ASIO-master\Common\consoleoutput.hpp(21): message : 参见“PSS_LOGGER_DEBUG”的前一个定义
  LoadPacketParse.cpp
F:\Git\5_Visual Studio Code\PPS\PSS_ASIO-master\Common\define.h(210,1): warning C4005: “PSS_LOGGER_DEBUG”: 宏重定义
F:\Git\5_Visual Studio Code\PPS\PSS_ASIO-master\Common\consoleoutput.hpp(21): message : 参见“PSS_LOGGER_DEBUG”的前一个定义
  ModuleInterfalce.cpp
F:\Git\5_Visual Studio Code\PPS\PSS_ASIO-master\Common\define.h(210,1): warning C4005: “PSS_LOGGER_DEBUG”: 宏重定义
F:\Git\5_Visual Studio Code\PPS\PSS_ASIO-master\Common\consoleoutput.hpp(21): message : 参见“PSS_LOGGER_DEBUG”的前一个定义
  ModuleLogic.cpp
F:\Git\5_Visual Studio Code\PPS\PSS_ASIO-master\Common\define.h(210,1): warning C4005: “PSS_LOGGER_DEBUG”: 宏重定义
F:\Git\5_Visual Studio Code\PPS\PSS_ASIO-master\Common\consoleoutput.hpp(21): message : 参见“PSS_LOGGER_DEBUG”的前一个定义
  SessionInterface.cpp
F:\Git\5_Visual Studio Code\PPS\PSS_ASIO-master\Common\define.h(210,1): warning C4005: “PSS_LOGGER_DEBUG”: 宏重定义
F:\Git\5_Visual Studio Code\PPS\PSS_ASIO-master\Common\consoleoutput.hpp(21): message : 参见“PSS_LOGGER_DEBUG”的前一个定义
  SessionService.cpp
F:\Git\5_Visual Studio Code\PPS\PSS_ASIO-master\Common\define.h(210,1): warning C4005: “PSS_LOGGER_DEBUG”: 宏重定义
F:\Git\5_Visual Studio Code\PPS\PSS_ASIO-master\Common\consoleoutput.hpp(21): message : 参见“PSS_LOGGER_DEBUG”的前一个定义
  PSS_ASIO.cpp
F:\Git\5_Visual Studio Code\PPS\PSS_ASIO-master\Common\define.h(210,1): warning C4005: “PSS_LOGGER_DEBUG”: 宏重定义
F:\Git\5_Visual Studio Code\PPS\PSS_ASIO-master\Common\consoleoutput.hpp(21): message : 参见“PSS_LOGGER_DEBUG”的前一个定义
  Queueservice.cpp
F:\Git\5_Visual Studio Code\PPS\PSS_ASIO-master\Common\define.h(210,1): warning C4005: “PSS_LOGGER_DEBUG”: 宏重定义
F:\Git\5_Visual Studio Code\PPS\PSS_ASIO-master\Common\consoleoutput.hpp(21): message : 参见“PSS_LOGGER_DEBUG”的前一个定义
  TcpClientSession.cpp
F:\Git\5_Visual Studio Code\PPS\PSS_ASIO-master\Common\define.h(210,1): warning C4005: “PSS_LOGGER_DEBUG”: 宏重定义
F:\Git\5_Visual Studio Code\PPS\PSS_ASIO-master\Common\consoleoutput.hpp(21): message : 参见“PSS_LOGGER_DEBUG”的前一个定义
  TcpServer.cpp
F:\Git\5_Visual Studio Code\PPS\PSS_ASIO-master\Common\define.h(210,1): warning C4005: “PSS_LOGGER_DEBUG”: 宏重定义
F:\Git\5_Visual Studio Code\PPS\PSS_ASIO-master\Common\consoleoutput.hpp(21): message : 参见“PSS_LOGGER_DEBUG”的前一个定义
  TcpSession.cpp
F:\Git\5_Visual Studio Code\PPS\PSS_ASIO-master\Common\define.h(210,1): warning C4005: “PSS_LOGGER_DEBUG”: 宏重定义
F:\Git\5_Visual Studio Code\PPS\PSS_ASIO-master\Common\consoleoutput.hpp(21): message : 参见“PSS_LOGGER_DEBUG”的前一个定义
  TcpSSLClientSession.cpp
F:\Git\5_Visual Studio Code\PPS\PSS_ASIO-master\Common\define.h(210,1): warning C4005: “PSS_LOGGER_DEBUG”: 宏重定义
F:\Git\5_Visual Studio Code\PPS\PSS_ASIO-master\Common\consoleoutput.hpp(21): message : 参见“PSS_LOGGER_DEBUG”的前一个定义
  TcpSSLServer.cpp
F:\Git\5_Visual Studio Code\PPS\PSS_ASIO-master\Common\define.h(210,1): warning C4005: “PSS_LOGGER_DEBUG”: 宏重定义
F:\Git\5_Visual Studio Code\PPS\PSS_ASIO-master\Common\consoleoutput.hpp(21): message : 参见“PSS_LOGGER_DEBUG”的前一个定义
  TcpSSLSession.cpp
F:\Git\5_Visual Studio Code\PPS\PSS_ASIO-master\Common\define.h(210,1): warning C4005: “PSS_LOGGER_DEBUG”: 宏重定义
F:\Git\5_Visual Studio Code\PPS\PSS_ASIO-master\Common\consoleoutput.hpp(21): message : 参见“PSS_LOGGER_DEBUG”的前一个定义
  正在生成代码...
  正在编译...
  TtyServer.cpp
F:\Git\5_Visual Studio Code\PPS\PSS_ASIO-master\Common\define.h(210,1): warning C4005: “PSS_LOGGER_DEBUG”: 宏重定义
F:\Git\5_Visual Studio Code\PPS\PSS_ASIO-master\Common\consoleoutput.hpp(21): message : 参见“PSS_LOGGER_DEBUG”的前一个定义
  KcpServer.cpp
F:\Git\5_Visual Studio Code\PPS\PSS_ASIO-master\Common\define.h(210,1): warning C4005: “PSS_LOGGER_DEBUG”: 宏重定义
F:\Git\5_Visual Studio Code\PPS\PSS_ASIO-master\Common\consoleoutput.hpp(21): message : 参见“PSS_LOGGER_DEBUG”的前一个定义
  UdpClientSession.cpp
F:\Git\5_Visual Studio Code\PPS\PSS_ASIO-master\Common\define.h(210,1): warning C4005: “PSS_LOGGER_DEBUG”: 宏重定义
F:\Git\5_Visual Studio Code\PPS\PSS_ASIO-master\Common\consoleoutput.hpp(21): message : 参见“PSS_LOGGER_DEBUG”的前一个定义
  UdpServer.cpp
F:\Git\5_Visual Studio Code\PPS\PSS_ASIO-master\Common\define.h(210,1): warning C4005: “PSS_LOGGER_DEBUG”: 宏重定义
F:\Git\5_Visual Studio Code\PPS\PSS_ASIO-master\Common\consoleoutput.hpp(21): message : 参见“PSS_LOGGER_DEBUG”的前一个定义
  正在生成代码...
  PSS_ASIO.vcxproj -> F:\Git\5_Visual Studio Code\PPS\PSS_ASIO-master\Build\Windows\PSS_ASIO.exe
